<?xml version="1.0" encoding="UTF-8"?>
<testsuite xmlns:xsi="http://www.w3.org/2001/XMLSchema-instance" xsi:noNamespaceSchemaLocation="https://maven.apache.org/surefire/maven-surefire-plugin/xsd/surefire-test-report.xsd" name="Flag.FlagApplicationTests" time="18.617" tests="3" errors="0" skipped="0" failures="0">
  <properties>
    <property name="sun.desktop" value="windows"/>
    <property name="awt.toolkit" value="sun.awt.windows.WToolkit"/>
    <property name="java.specification.version" value="11"/>
    <property name="sun.cpu.isalist" value="amd64"/>
    <property name="sun.jnu.encoding" value="GBK"/>
    <property name="java.class.path" value="D:\桌面\Flag\Flag\target\test-classes;D:\桌面\Flag\Flag\target\classes;D:\桌面\Maven\MavenRepo\org\springframework\boot\spring-boot-starter-web\2.3.3.RELEASE\spring-boot-starter-web-2.3.3.RELEASE.jar;D:\桌面\Maven\MavenRepo\org\springframework\boot\spring-boot-starter\2.3.3.RELEASE\spring-boot-starter-2.3.3.RELEASE.jar;D:\桌面\Maven\MavenRepo\org\springframework\boot\spring-boot-starter-logging\2.3.3.RELEASE\spring-boot-starter-logging-2.3.3.RELEASE.jar;D:\桌面\Maven\MavenRepo\ch\qos\logback\logback-classic\1.2.3\logback-classic-1.2.3.jar;D:\桌面\Maven\MavenRepo\ch\qos\logback\logback-core\1.2.3\logback-core-1.2.3.jar;D:\桌面\Maven\MavenRepo\org\apache\logging\log4j\log4j-to-slf4j\2.13.3\log4j-to-slf4j-2.13.3.jar;D:\桌面\Maven\MavenRepo\org\apache\logging\log4j\log4j-api\2.13.3\log4j-api-2.13.3.jar;D:\桌面\Maven\MavenRepo\org\slf4j\jul-to-slf4j\1.7.30\jul-to-slf4j-1.7.30.jar;D:\桌面\Maven\MavenRepo\jakarta\annotation\jakarta.annotation-api\1.3.5\jakarta.annotation-api-1.3.5.jar;D:\桌面\Maven\MavenRepo\org\yaml\snakeyaml\1.26\snakeyaml-1.26.jar;D:\桌面\Maven\MavenRepo\org\springframework\boot\spring-boot-starter-json\2.3.3.RELEASE\spring-boot-starter-json-2.3.3.RELEASE.jar;D:\桌面\Maven\MavenRepo\com\fasterxml\jackson\core\jackson-databind\2.11.2\jackson-databind-2.11.2.jar;D:\桌面\Maven\MavenRepo\com\fasterxml\jackson\core\jackson-annotations\2.11.2\jackson-annotations-2.11.2.jar;D:\桌面\Maven\MavenRepo\com\fasterxml\jackson\core\jackson-core\2.11.2\jackson-core-2.11.2.jar;D:\桌面\Maven\MavenRepo\com\fasterxml\jackson\datatype\jackson-datatype-jdk8\2.11.2\jackson-datatype-jdk8-2.11.2.jar;D:\桌面\Maven\MavenRepo\com\fasterxml\jackson\datatype\jackson-datatype-jsr310\2.11.2\jackson-datatype-jsr310-2.11.2.jar;D:\桌面\Maven\MavenRepo\com\fasterxml\jackson\module\jackson-module-parameter-names\2.11.2\jackson-module-parameter-names-2.11.2.jar;D:\桌面\Maven\MavenRepo\org\springframework\boot\spring-boot-starter-tomcat\2.3.3.RELEASE\spring-boot-starter-tomcat-2.3.3.RELEASE.jar;D:\桌面\Maven\MavenRepo\org\apache\tomcat\embed\tomcat-embed-core\9.0.37\tomcat-embed-core-9.0.37.jar;D:\桌面\Maven\MavenRepo\org\glassfish\jakarta.el\3.0.3\jakarta.el-3.0.3.jar;D:\桌面\Maven\MavenRepo\org\apache\tomcat\embed\tomcat-embed-websocket\9.0.37\tomcat-embed-websocket-9.0.37.jar;D:\桌面\Maven\MavenRepo\org\springframework\spring-web\5.2.8.RELEASE\spring-web-5.2.8.RELEASE.jar;D:\桌面\Maven\MavenRepo\org\springframework\spring-beans\5.2.8.RELEASE\spring-beans-5.2.8.RELEASE.jar;D:\桌面\Maven\MavenRepo\org\springframework\spring-webmvc\5.2.8.RELEASE\spring-webmvc-5.2.8.RELEASE.jar;D:\桌面\Maven\MavenRepo\org\springframework\spring-aop\5.2.8.RELEASE\spring-aop-5.2.8.RELEASE.jar;D:\桌面\Maven\MavenRepo\org\springframework\spring-context\5.2.8.RELEASE\spring-context-5.2.8.RELEASE.jar;D:\桌面\Maven\MavenRepo\org\springframework\spring-expression\5.2.8.RELEASE\spring-expression-5.2.8.RELEASE.jar;D:\桌面\Maven\MavenRepo\org\springframework\boot\spring-boot-devtools\2.3.3.RELEASE\spring-boot-devtools-2.3.3.RELEASE.jar;D:\桌面\Maven\MavenRepo\org\springframework\boot\spring-boot\2.3.3.RELEASE\spring-boot-2.3.3.RELEASE.jar;D:\桌面\Maven\MavenRepo\org\springframework\boot\spring-boot-autoconfigure\2.3.3.RELEASE\spring-boot-autoconfigure-2.3.3.RELEASE.jar;D:\桌面\Maven\MavenRepo\org\mybatis\spring\boot\mybatis-spring-boot-starter\2.1.3\mybatis-spring-boot-starter-2.1.3.jar;D:\桌面\Maven\MavenRepo\org\springframework\boot\spring-boot-starter-jdbc\2.3.3.RELEASE\spring-boot-starter-jdbc-2.3.3.RELEASE.jar;D:\桌面\Maven\MavenRepo\com\zaxxer\HikariCP\3.4.5\HikariCP-3.4.5.jar;D:\桌面\Maven\MavenRepo\org\springframework\spring-jdbc\5.2.8.RELEASE\spring-jdbc-5.2.8.RELEASE.jar;D:\桌面\Maven\MavenRepo\org\springframework\spring-tx\5.2.8.RELEASE\spring-tx-5.2.8.RELEASE.jar;D:\桌面\Maven\MavenRepo\org\mybatis\spring\boot\mybatis-spring-boot-autoconfigure\2.1.3\mybatis-spring-boot-autoconfigure-2.1.3.jar;D:\桌面\Maven\MavenRepo\org\mybatis\mybatis\3.5.5\mybatis-3.5.5.jar;D:\桌面\Maven\MavenRepo\org\mybatis\mybatis-spring\2.0.5\mybatis-spring-2.0.5.jar;D:\桌面\Maven\MavenRepo\mysql\mysql-connector-java\8.0.21\mysql-connector-java-8.0.21.jar;D:\桌面\Maven\MavenRepo\org\springframework\boot\spring-boot-starter-test\2.3.3.RELEASE\spring-boot-starter-test-2.3.3.RELEASE.jar;D:\桌面\Maven\MavenRepo\org\springframework\boot\spring-boot-test\2.3.3.RELEASE\spring-boot-test-2.3.3.RELEASE.jar;D:\桌面\Maven\MavenRepo\org\springframework\boot\spring-boot-test-autoconfigure\2.3.3.RELEASE\spring-boot-test-autoconfigure-2.3.3.RELEASE.jar;D:\桌面\Maven\MavenRepo\com\jayway\jsonpath\json-path\2.4.0\json-path-2.4.0.jar;D:\桌面\Maven\MavenRepo\net\minidev\json-smart\2.3\json-smart-2.3.jar;D:\桌面\Maven\MavenRepo\net\minidev\accessors-smart\1.2\accessors-smart-1.2.jar;D:\桌面\Maven\MavenRepo\org\ow2\asm\asm\5.0.4\asm-5.0.4.jar;D:\桌面\Maven\MavenRepo\jakarta\xml\bind\jakarta.xml.bind-api\2.3.3\jakarta.xml.bind-api-2.3.3.jar;D:\桌面\Maven\MavenRepo\jakarta\activation\jakarta.activation-api\1.2.2\jakarta.activation-api-1.2.2.jar;D:\桌面\Maven\MavenRepo\org\assertj\assertj-core\3.16.1\assertj-core-3.16.1.jar;D:\桌面\Maven\MavenRepo\org\hamcrest\hamcrest\2.2\hamcrest-2.2.jar;D:\桌面\Maven\MavenRepo\org\junit\jupiter\junit-jupiter\5.6.2\junit-jupiter-5.6.2.jar;D:\桌面\Maven\MavenRepo\org\junit\jupiter\junit-jupiter-api\5.6.2\junit-jupiter-api-5.6.2.jar;D:\桌面\Maven\MavenRepo\org\apiguardian\apiguardian-api\1.1.0\apiguardian-api-1.1.0.jar;D:\桌面\Maven\MavenRepo\org\opentest4j\opentest4j\1.2.0\opentest4j-1.2.0.jar;D:\桌面\Maven\MavenRepo\org\junit\platform\junit-platform-commons\1.6.2\junit-platform-commons-1.6.2.jar;D:\桌面\Maven\MavenRepo\org\junit\jupiter\junit-jupiter-params\5.6.2\junit-jupiter-params-5.6.2.jar;D:\桌面\Maven\MavenRepo\org\junit\jupiter\junit-jupiter-engine\5.6.2\junit-jupiter-engine-5.6.2.jar;D:\桌面\Maven\MavenRepo\org\junit\platform\junit-platform-engine\1.6.2\junit-platform-engine-1.6.2.jar;D:\桌面\Maven\MavenRepo\org\mockito\mockito-core\3.3.3\mockito-core-3.3.3.jar;D:\桌面\Maven\MavenRepo\net\bytebuddy\byte-buddy\1.10.14\byte-buddy-1.10.14.jar;D:\桌面\Maven\MavenRepo\net\bytebuddy\byte-buddy-agent\1.10.14\byte-buddy-agent-1.10.14.jar;D:\桌面\Maven\MavenRepo\org\objenesis\objenesis\2.6\objenesis-2.6.jar;D:\桌面\Maven\MavenRepo\org\mockito\mockito-junit-jupiter\3.3.3\mockito-junit-jupiter-3.3.3.jar;D:\桌面\Maven\MavenRepo\org\skyscreamer\jsonassert\1.5.0\jsonassert-1.5.0.jar;D:\桌面\Maven\MavenRepo\org\springframework\spring-core\5.2.8.RELEASE\spring-core-5.2.8.RELEASE.jar;D:\桌面\Maven\MavenRepo\org\springframework\spring-jcl\5.2.8.RELEASE\spring-jcl-5.2.8.RELEASE.jar;D:\桌面\Maven\MavenRepo\org\springframework\spring-test\5.2.8.RELEASE\spring-test-5.2.8.RELEASE.jar;D:\桌面\Maven\MavenRepo\org\xmlunit\xmlunit-core\2.7.0\xmlunit-core-2.7.0.jar;D:\桌面\Maven\MavenRepo\com\vaadin\external\google\android-json\0.0.20131108.vaadin1\android-json-0.0.20131108.vaadin1.jar;D:\桌面\Maven\MavenRepo\com\alibaba\fastjson\1.2.9\fastjson-1.2.9.jar;D:\桌面\Maven\MavenRepo\org\thymeleaf\thymeleaf\3.0.11.RELEASE\thymeleaf-3.0.11.RELEASE.jar;D:\桌面\Maven\MavenRepo\ognl\ognl\3.1.12\ognl-3.1.12.jar;D:\桌面\Maven\MavenRepo\org\javassist\javassist\3.20.0-GA\javassist-3.20.0-GA.jar;D:\桌面\Maven\MavenRepo\org\attoparser\attoparser\2.0.5.RELEASE\attoparser-2.0.5.RELEASE.jar;D:\桌面\Maven\MavenRepo\org\unbescape\unbescape\1.1.6.RELEASE\unbescape-1.1.6.RELEASE.jar;D:\桌面\Maven\MavenRepo\org\slf4j\slf4j-api\1.7.30\slf4j-api-1.7.30.jar;D:\桌面\Maven\MavenRepo\org\springframework\boot\spring-boot-starter-thymeleaf\2.3.3.RELEASE\spring-boot-starter-thymeleaf-2.3.3.RELEASE.jar;D:\桌面\Maven\MavenRepo\org\thymeleaf\thymeleaf-spring5\3.0.11.RELEASE\thymeleaf-spring5-3.0.11.RELEASE.jar;D:\桌面\Maven\MavenRepo\org\thymeleaf\extras\thymeleaf-extras-java8time\3.0.4.RELEASE\thymeleaf-extras-java8time-3.0.4.RELEASE.jar;"/>
    <property name="java.vm.vendor" value="JetBrains s.r.o"/>
    <property name="sun.arch.data.model" value="64"/>
    <property name="user.variant" value=""/>
    <property name="java.vendor.url" value="https://www.jetbrains.com/"/>
    <property name="user.timezone" value="Asia/Shanghai"/>
    <property name="java.vm.specification.version" value="11"/>
    <property name="os.name" value="Windows 10"/>
    <property name="sun.java.launcher" value="SUN_STANDARD"/>
    <property name="user.country" value="CN"/>
    <property name="sun.boot.library.path" value="D:\IDEA\IntelliJ IDEA 2019.3.3\jbr\bin"/>
    <property name="sun.java.command" value="C:\Users\喻嘉兴\AppData\Local\Temp\surefire8137860314723971328\surefirebooter2812620281864202387.jar C:\Users\喻嘉兴\AppData\Local\Temp\surefire8137860314723971328 2020-09-02T18-04-16_997-jvmRun1 surefire13483229268557090875tmp surefire_05648064962728655022tmp"/>
    <property name="jdk.debug" value="release"/>
    <property name="surefire.test.class.path" value="D:\桌面\Flag\Flag\target\test-classes;D:\桌面\Flag\Flag\target\classes;D:\桌面\Maven\MavenRepo\org\springframework\boot\spring-boot-starter-web\2.3.3.RELEASE\spring-boot-starter-web-2.3.3.RELEASE.jar;D:\桌面\Maven\MavenRepo\org\springframework\boot\spring-boot-starter\2.3.3.RELEASE\spring-boot-starter-2.3.3.RELEASE.jar;D:\桌面\Maven\MavenRepo\org\springframework\boot\spring-boot-starter-logging\2.3.3.RELEASE\spring-boot-starter-logging-2.3.3.RELEASE.jar;D:\桌面\Maven\MavenRepo\ch\qos\logback\logback-classic\1.2.3\logback-classic-1.2.3.jar;D:\桌面\Maven\MavenRepo\ch\qos\logback\logback-core\1.2.3\logback-core-1.2.3.jar;D:\桌面\Maven\MavenRepo\org\apache\logging\log4j\log4j-to-slf4j\2.13.3\log4j-to-slf4j-2.13.3.jar;D:\桌面\Maven\MavenRepo\org\apache\logging\log4j\log4j-api\2.13.3\log4j-api-2.13.3.jar;D:\桌面\Maven\MavenRepo\org\slf4j\jul-to-slf4j\1.7.30\jul-to-slf4j-1.7.30.jar;D:\桌面\Maven\MavenRepo\jakarta\annotation\jakarta.annotation-api\1.3.5\jakarta.annotation-api-1.3.5.jar;D:\桌面\Maven\MavenRepo\org\yaml\snakeyaml\1.26\snakeyaml-1.26.jar;D:\桌面\Maven\MavenRepo\org\springframework\boot\spring-boot-starter-json\2.3.3.RELEASE\spring-boot-starter-json-2.3.3.RELEASE.jar;D:\桌面\Maven\MavenRepo\com\fasterxml\jackson\core\jackson-databind\2.11.2\jackson-databind-2.11.2.jar;D:\桌面\Maven\MavenRepo\com\fasterxml\jackson\core\jackson-annotations\2.11.2\jackson-annotations-2.11.2.jar;D:\桌面\Maven\MavenRepo\com\fasterxml\jackson\core\jackson-core\2.11.2\jackson-core-2.11.2.jar;D:\桌面\Maven\MavenRepo\com\fasterxml\jackson\datatype\jackson-datatype-jdk8\2.11.2\jackson-datatype-jdk8-2.11.2.jar;D:\桌面\Maven\MavenRepo\com\fasterxml\jackson\datatype\jackson-datatype-jsr310\2.11.2\jackson-datatype-jsr310-2.11.2.jar;D:\桌面\Maven\MavenRepo\com\fasterxml\jackson\module\jackson-module-parameter-names\2.11.2\jackson-module-parameter-names-2.11.2.jar;D:\桌面\Maven\MavenRepo\org\springframework\boot\spring-boot-starter-tomcat\2.3.3.RELEASE\spring-boot-starter-tomcat-2.3.3.RELEASE.jar;D:\桌面\Maven\MavenRepo\org\apache\tomcat\embed\tomcat-embed-core\9.0.37\tomcat-embed-core-9.0.37.jar;D:\桌面\Maven\MavenRepo\org\glassfish\jakarta.el\3.0.3\jakarta.el-3.0.3.jar;D:\桌面\Maven\MavenRepo\org\apache\tomcat\embed\tomcat-embed-websocket\9.0.37\tomcat-embed-websocket-9.0.37.jar;D:\桌面\Maven\MavenRepo\org\springframework\spring-web\5.2.8.RELEASE\spring-web-5.2.8.RELEASE.jar;D:\桌面\Maven\MavenRepo\org\springframework\spring-beans\5.2.8.RELEASE\spring-beans-5.2.8.RELEASE.jar;D:\桌面\Maven\MavenRepo\org\springframework\spring-webmvc\5.2.8.RELEASE\spring-webmvc-5.2.8.RELEASE.jar;D:\桌面\Maven\MavenRepo\org\springframework\spring-aop\5.2.8.RELEASE\spring-aop-5.2.8.RELEASE.jar;D:\桌面\Maven\MavenRepo\org\springframework\spring-context\5.2.8.RELEASE\spring-context-5.2.8.RELEASE.jar;D:\桌面\Maven\MavenRepo\org\springframework\spring-expression\5.2.8.RELEASE\spring-expression-5.2.8.RELEASE.jar;D:\桌面\Maven\MavenRepo\org\springframework\boot\spring-boot-devtools\2.3.3.RELEASE\spring-boot-devtools-2.3.3.RELEASE.jar;D:\桌面\Maven\MavenRepo\org\springframework\boot\spring-boot\2.3.3.RELEASE\spring-boot-2.3.3.RELEASE.jar;D:\桌面\Maven\MavenRepo\org\springframework\boot\spring-boot-autoconfigure\2.3.3.RELEASE\spring-boot-autoconfigure-2.3.3.RELEASE.jar;D:\桌面\Maven\MavenRepo\org\mybatis\spring\boot\mybatis-spring-boot-starter\2.1.3\mybatis-spring-boot-starter-2.1.3.jar;D:\桌面\Maven\MavenRepo\org\springframework\boot\spring-boot-starter-jdbc\2.3.3.RELEASE\spring-boot-starter-jdbc-2.3.3.RELEASE.jar;D:\桌面\Maven\MavenRepo\com\zaxxer\HikariCP\3.4.5\HikariCP-3.4.5.jar;D:\桌面\Maven\MavenRepo\org\springframework\spring-jdbc\5.2.8.RELEASE\spring-jdbc-5.2.8.RELEASE.jar;D:\桌面\Maven\MavenRepo\org\springframework\spring-tx\5.2.8.RELEASE\spring-tx-5.2.8.RELEASE.jar;D:\桌面\Maven\MavenRepo\org\mybatis\spring\boot\mybatis-spring-boot-autoconfigure\2.1.3\mybatis-spring-boot-autoconfigure-2.1.3.jar;D:\桌面\Maven\MavenRepo\org\mybatis\mybatis\3.5.5\mybatis-3.5.5.jar;D:\桌面\Maven\MavenRepo\org\mybatis\mybatis-spring\2.0.5\mybatis-spring-2.0.5.jar;D:\桌面\Maven\MavenRepo\mysql\mysql-connector-java\8.0.21\mysql-connector-java-8.0.21.jar;D:\桌面\Maven\MavenRepo\org\springframework\boot\spring-boot-starter-test\2.3.3.RELEASE\spring-boot-starter-test-2.3.3.RELEASE.jar;D:\桌面\Maven\MavenRepo\org\springframework\boot\spring-boot-test\2.3.3.RELEASE\spring-boot-test-2.3.3.RELEASE.jar;D:\桌面\Maven\MavenRepo\org\springframework\boot\spring-boot-test-autoconfigure\2.3.3.RELEASE\spring-boot-test-autoconfigure-2.3.3.RELEASE.jar;D:\桌面\Maven\MavenRepo\com\jayway\jsonpath\json-path\2.4.0\json-path-2.4.0.jar;D:\桌面\Maven\MavenRepo\net\minidev\json-smart\2.3\json-smart-2.3.jar;D:\桌面\Maven\MavenRepo\net\minidev\accessors-smart\1.2\accessors-smart-1.2.jar;D:\桌面\Maven\MavenRepo\org\ow2\asm\asm\5.0.4\asm-5.0.4.jar;D:\桌面\Maven\MavenRepo\jakarta\xml\bind\jakarta.xml.bind-api\2.3.3\jakarta.xml.bind-api-2.3.3.jar;D:\桌面\Maven\MavenRepo\jakarta\activation\jakarta.activation-api\1.2.2\jakarta.activation-api-1.2.2.jar;D:\桌面\Maven\MavenRepo\org\assertj\assertj-core\3.16.1\assertj-core-3.16.1.jar;D:\桌面\Maven\MavenRepo\org\hamcrest\hamcrest\2.2\hamcrest-2.2.jar;D:\桌面\Maven\MavenRepo\org\junit\jupiter\junit-jupiter\5.6.2\junit-jupiter-5.6.2.jar;D:\桌面\Maven\MavenRepo\org\junit\jupiter\junit-jupiter-api\5.6.2\junit-jupiter-api-5.6.2.jar;D:\桌面\Maven\MavenRepo\org\apiguardian\apiguardian-api\1.1.0\apiguardian-api-1.1.0.jar;D:\桌面\Maven\MavenRepo\org\opentest4j\opentest4j\1.2.0\opentest4j-1.2.0.jar;D:\桌面\Maven\MavenRepo\org\junit\platform\junit-platform-commons\1.6.2\junit-platform-commons-1.6.2.jar;D:\桌面\Maven\MavenRepo\org\junit\jupiter\junit-jupiter-params\5.6.2\junit-jupiter-params-5.6.2.jar;D:\桌面\Maven\MavenRepo\org\junit\jupiter\junit-jupiter-engine\5.6.2\junit-jupiter-engine-5.6.2.jar;D:\桌面\Maven\MavenRepo\org\junit\platform\junit-platform-engine\1.6.2\junit-platform-engine-1.6.2.jar;D:\桌面\Maven\MavenRepo\org\mockito\mockito-core\3.3.3\mockito-core-3.3.3.jar;D:\桌面\Maven\MavenRepo\net\bytebuddy\byte-buddy\1.10.14\byte-buddy-1.10.14.jar;D:\桌面\Maven\MavenRepo\net\bytebuddy\byte-buddy-agent\1.10.14\byte-buddy-agent-1.10.14.jar;D:\桌面\Maven\MavenRepo\org\objenesis\objenesis\2.6\objenesis-2.6.jar;D:\桌面\Maven\MavenRepo\org\mockito\mockito-junit-jupiter\3.3.3\mockito-junit-jupiter-3.3.3.jar;D:\桌面\Maven\MavenRepo\org\skyscreamer\jsonassert\1.5.0\jsonassert-1.5.0.jar;D:\桌面\Maven\MavenRepo\org\springframework\spring-core\5.2.8.RELEASE\spring-core-5.2.8.RELEASE.jar;D:\桌面\Maven\MavenRepo\org\springframework\spring-jcl\5.2.8.RELEASE\spring-jcl-5.2.8.RELEASE.jar;D:\桌面\Maven\MavenRepo\org\springframework\spring-test\5.2.8.RELEASE\spring-test-5.2.8.RELEASE.jar;D:\桌面\Maven\MavenRepo\org\xmlunit\xmlunit-core\2.7.0\xmlunit-core-2.7.0.jar;D:\桌面\Maven\MavenRepo\com\vaadin\external\google\android-json\0.0.20131108.vaadin1\android-json-0.0.20131108.vaadin1.jar;D:\桌面\Maven\MavenRepo\com\alibaba\fastjson\1.2.9\fastjson-1.2.9.jar;D:\桌面\Maven\MavenRepo\org\thymeleaf\thymeleaf\3.0.11.RELEASE\thymeleaf-3.0.11.RELEASE.jar;D:\桌面\Maven\MavenRepo\ognl\ognl\3.1.12\ognl-3.1.12.jar;D:\桌面\Maven\MavenRepo\org\javassist\javassist\3.20.0-GA\javassist-3.20.0-GA.jar;D:\桌面\Maven\MavenRepo\org\attoparser\attoparser\2.0.5.RELEASE\attoparser-2.0.5.RELEASE.jar;D:\桌面\Maven\MavenRepo\org\unbescape\unbescape\1.1.6.RELEASE\unbescape-1.1.6.RELEASE.jar;D:\桌面\Maven\MavenRepo\org\slf4j\slf4j-api\1.7.30\slf4j-api-1.7.30.jar;D:\桌面\Maven\MavenRepo\org\springframework\boot\spring-boot-starter-thymeleaf\2.3.3.RELEASE\spring-boot-starter-thymeleaf-2.3.3.RELEASE.jar;D:\桌面\Maven\MavenRepo\org\thymeleaf\thymeleaf-spring5\3.0.11.RELEASE\thymeleaf-spring5-3.0.11.RELEASE.jar;D:\桌面\Maven\MavenRepo\org\thymeleaf\extras\thymeleaf-extras-java8time\3.0.4.RELEASE\thymeleaf-extras-java8time-3.0.4.RELEASE.jar;"/>
    <property name="sun.cpu.endian" value="little"/>
    <property name="user.home" value="C:\Users\喻嘉兴"/>
    <property name="user.language" value="zh"/>
    <property name="java.specification.vendor" value="Oracle Corporation"/>
    <property name="java.version.date" value="2019-10-15"/>
    <property name="java.home" value="D:\IDEA\IntelliJ IDEA 2019.3.3\jbr"/>
    <property name="file.separator" value="\"/>
    <property name="basedir" value="D:\桌面\Flag\Flag"/>
    <property name="java.vm.compressedOopsMode" value="32-bit"/>
    <property name="line.separator" value="&#10;"/>
    <property name="java.specification.name" value="Java Platform API Specification"/>
    <property name="java.vm.specification.vendor" value="Oracle Corporation"/>
    <property name="java.awt.graphicsenv" value="sun.awt.Win32GraphicsEnvironment"/>
    <property name="surefire.real.class.path" value="C:\Users\喻嘉兴\AppData\Local\Temp\surefire8137860314723971328\surefirebooter2812620281864202387.jar"/>
    <property name="user.script" value=""/>
    <property name="sun.management.compiler" value="HotSpot 64-Bit Tiered Compilers"/>
    <property name="java.runtime.version" value="11.0.5+10-b520.38"/>
    <property name="user.name" value="喻嘉兴"/>
    <property name="path.separator" value=";"/>
    <property name="os.version" value="10.0"/>
    <property name="java.runtime.name" value="OpenJDK Runtime Environment"/>
    <property name="file.encoding" value="GBK"/>
    <property name="java.vm.name" value="OpenJDK 64-Bit Server VM"/>
    <property name="localRepository" value="D:\桌面\Maven\MavenRepo"/>
    <property name="java.vendor.url.bug" value="https://youtrack.jetbrains.com"/>
    <property name="java.io.tmpdir" value="C:\Users\喻嘉兴\AppData\Local\Temp\"/>
    <property name="java.version" value="11.0.5"/>
    <property name="user.dir" value="D:\桌面\Flag\Flag"/>
    <property name="os.arch" value="amd64"/>
    <property name="java.vm.specification.name" value="Java Virtual Machine Specification"/>
    <property name="java.awt.printerjob" value="sun.awt.windows.WPrinterJob"/>
    <property name="sun.os.patch.level" value=""/>
    <property name="idea.version2019.3.3" value="true"/>
    <property name="java.library.path" value="D:\IDEA\IntelliJ IDEA 2019.3.3\jbr\bin;C:\WINDOWS\Sun\Java\bin;C:\WINDOWS\system32;C:\WINDOWS;C:\WINDOWS\system32;C:\WINDOWS;C:\WINDOWS\System32\Wbem;C:\WINDOWS\System32\WindowsPowerShell\v1.0\;C:\WINDOWS\System32\OpenSSH\;C:\Program Files (x86)\Microsoft SQL Server\100\Tools\Binn\;C:\Program Files\Microsoft SQL Server\100\Tools\Binn\;C:\Program Files\Microsoft SQL Server\100\DTS\Binn\;D:\桌面\Maven\apache-maven-3.6.3\bin;C:\Program Files (x86)\NVIDIA Corporation\PhysX\Common;C:\Program Files\NVIDIA Corporation\NVIDIA NvDLISR;D:\JDK13\bin;D:\node.js\;D:\node.js\node_global;C:\Program Files\MySQL\MySQL Shell 8.0\bin\;D:\Tools\WinNT;D:\MSDev98\Bin;D:\Tools;D:\Microsoft Visual Studio\VC98\bin;D:\python\Scripts\;D:\python\;C:\Users\喻嘉兴\AppData\Local\Microsoft\WindowsApps;D:\IDEA\IntelliJ IDEA 2019.3.3\bin;D:\JDK13\bin;D:\vscode\Microsoft VS Code\bin;C:\Users\喻嘉兴\AppData\Local\GitHubDesktop\bin;C:\Users\喻嘉兴\AppData\Roaming\npm;."/>
    <property name="java.vendor" value="JetBrains s.r.o"/>
    <property name="java.vm.info" value="mixed mode, sharing"/>
    <property name="java.vm.version" value="11.0.5+10-b520.38"/>
    <property name="sun.io.unicode.encoding" value="UnicodeLittle"/>
    <property name="maven.repo.local" value="D:\桌面\Maven\MavenRepo"/>
    <property name="java.class.version" value="55.0"/>
  </properties>
  <testcase name="StudentsTest" classname="Flag.FlagApplicationTests" time="5.346"/>
  <testcase name="contextLoads" classname="Flag.FlagApplicationTests" time="0.03"/>
  <testcase name="DOTest" classname="Flag.FlagApplicationTests" time="0.102"/>
</testsuite>